2024-11-14 00:15:03.703 [info] [main] Log level: Info
2024-11-14 00:15:03.703 [info] [main] Validating found git in: "git"
2024-11-14 00:15:03.703 [info] [main] Using git "2.43.0" from "git"
2024-11-14 00:15:03.703 [info] [Model][doInitialScan] Initial repository scan started
2024-11-14 00:15:03.703 [info] > git rev-parse --show-toplevel [6ms]
2024-11-14 00:15:03.704 [info] > git rev-parse --show-toplevel [2ms]
2024-11-14 00:15:03.709 [info] > git rev-parse --show-toplevel [1ms]
2024-11-14 00:15:03.715 [info] > git rev-parse --show-toplevel [1ms]
2024-11-14 00:15:03.719 [info] [Model][doInitialScan] Initial repository scan completed - repositories (0), closed repositories (0), parent repositories (1), unsafe repositories (0)
2024-11-14 00:15:16.549 [info] > git rev-parse --show-toplevel [2ms]
2024-11-14 00:15:16.555 [info] > git rev-parse --git-dir --git-common-dir [1ms]
2024-11-14 00:15:16.568 [info] [Model][openRepository] Opened repository: /home/mooncat/portfolio/sannijs.github.io
2024-11-14 00:15:16.587 [info] > git config --get commit.template [7ms]
2024-11-14 00:15:16.596 [info] > git for-each-ref --format=%(refname)%00%(upstream:short)%00%(objectname)%00%(upstream:track)%00%(upstream:remotename)%00%(upstream:remoteref) refs/heads/main refs/remotes/main [2ms]
2024-11-14 00:15:16.613 [info] > git status -z -uall [10ms]
2024-11-14 00:15:16.615 [info] > git for-each-ref --sort -committerdate --format %(refname) %(objectname) %(*objectname) [4ms]
2024-11-14 00:15:16.639 [info] > git for-each-ref --format=%(refname)%00%(upstream:short)%00%(objectname)%00%(upstream:track)%00%(upstream:remotename)%00%(upstream:remoteref) refs/heads/main refs/remotes/main [6ms]
2024-11-14 00:15:16.660 [info] > git config --local branch.main.vscode-merge-base [7ms]
2024-11-14 00:15:16.660 [warning] [Git][config] git config failed: Failed to execute git
2024-11-14 00:15:16.688 [info] > git reflog main --grep-reflog=branch: Created from *. [24ms]
2024-11-14 00:15:16.693 [info] > git config --get commit.template [34ms]
2024-11-14 00:15:16.730 [info] > git symbolic-ref --short refs/remotes/origin/HEAD [37ms]
2024-11-14 00:15:16.730 [info] fatal: ref refs/remotes/origin/HEAD is not a symbolic ref
2024-11-14 00:15:16.730 [warning] [Repository][getDefaultBranch] Failed to get default branch details: Failed to execute git.
2024-11-14 00:15:16.755 [info] > git merge-base refs/heads/main refs/remotes/origin/main [20ms]
2024-11-14 00:15:16.761 [info] > git for-each-ref --format=%(refname)%00%(upstream:short)%00%(objectname)%00%(upstream:track)%00%(upstream:remotename)%00%(upstream:remoteref) refs/heads/main refs/remotes/main [36ms]
2024-11-14 00:15:16.763 [info] > git diff --name-status -z --diff-filter=ADMR 3e3a4a04c53499dd4e33920dd32081a8ca8bb6c4...refs/remotes/origin/main [2ms]
2024-11-14 00:15:16.775 [info] > git status -z -uall [7ms]
2024-11-14 00:15:16.776 [info] > git for-each-ref --sort -committerdate --format %(refname) %(objectname) %(*objectname) [2ms]
2024-11-14 00:15:17.094 [info] > git check-ignore -v -z --stdin [1ms]
2024-11-14 00:15:22.274 [info] > git config --get commit.template [7ms]
2024-11-14 00:15:22.275 [info] > git for-each-ref --format=%(refname)%00%(upstream:short)%00%(objectname)%00%(upstream:track)%00%(upstream:remotename)%00%(upstream:remoteref) refs/heads/main refs/remotes/main [2ms]
2024-11-14 00:15:22.285 [info] > git status -z -uall [5ms]
2024-11-14 00:15:22.286 [info] > git for-each-ref --sort -committerdate --format %(refname) %(objectname) %(*objectname) [1ms]
2024-11-14 00:15:40.059 [info] > git config --get commit.template [9ms]
2024-11-14 00:15:40.060 [info] > git for-each-ref --format=%(refname)%00%(upstream:short)%00%(objectname)%00%(upstream:track)%00%(upstream:remotename)%00%(upstream:remoteref) refs/heads/main refs/remotes/main [1ms]
2024-11-14 00:15:40.073 [info] > git status -z -uall [8ms]
2024-11-14 00:15:40.074 [info] > git for-each-ref --sort -committerdate --format %(refname) %(objectname) %(*objectname) [2ms]
2024-11-14 00:15:40.741 [info] > git check-ignore -v -z --stdin [3ms]
2024-11-14 00:15:45.100 [info] > git config --get commit.template [12ms]
2024-11-14 00:15:45.102 [info] > git for-each-ref --format=%(refname)%00%(upstream:short)%00%(objectname)%00%(upstream:track)%00%(upstream:remotename)%00%(upstream:remoteref) refs/heads/main refs/remotes/main [3ms]
2024-11-14 00:15:45.122 [info] > git status -z -uall [11ms]
2024-11-14 00:15:45.125 [info] > git for-each-ref --sort -committerdate --format %(refname) %(objectname) %(*objectname) [5ms]
2024-11-14 00:15:50.153 [info] > git config --get commit.template [8ms]
2024-11-14 00:15:50.155 [info] > git for-each-ref --format=%(refname)%00%(upstream:short)%00%(objectname)%00%(upstream:track)%00%(upstream:remotename)%00%(upstream:remoteref) refs/heads/main refs/remotes/main [3ms]
2024-11-14 00:15:50.170 [info] > git status -z -uall [8ms]
2024-11-14 00:15:50.171 [info] > git for-each-ref --sort -committerdate --format %(refname) %(objectname) %(*objectname) [2ms]
2024-11-14 00:15:55.387 [info] > git show --textconv :portfolio/src/theme.js [19ms]
2024-11-14 00:15:55.395 [info] > git ls-files --stage -- /home/mooncat/portfolio/sannijs.github.io/portfolio/src/theme.js [11ms]
2024-11-14 00:15:55.427 [info] > git check-ignore -v -z --stdin [2ms]
2024-11-14 00:15:57.192 [info] > git config --get commit.template [6ms]
2024-11-14 00:15:57.194 [info] > git for-each-ref --format=%(refname)%00%(upstream:short)%00%(objectname)%00%(upstream:track)%00%(upstream:remotename)%00%(upstream:remoteref) refs/heads/main refs/remotes/main [3ms]
2024-11-14 00:15:57.207 [info] > git status -z -uall [6ms]
2024-11-14 00:15:57.209 [info] > git for-each-ref --sort -committerdate --format %(refname) %(objectname) %(*objectname) [3ms]
2024-11-14 00:16:02.225 [info] > git config --get commit.template [6ms]
2024-11-14 00:16:02.227 [info] > git for-each-ref --format=%(refname)%00%(upstream:short)%00%(objectname)%00%(upstream:track)%00%(upstream:remotename)%00%(upstream:remoteref) refs/heads/main refs/remotes/main [3ms]
2024-11-14 00:16:02.245 [info] > git status -z -uall [11ms]
2024-11-14 00:16:02.246 [info] > git for-each-ref --sort -committerdate --format %(refname) %(objectname) %(*objectname) [3ms]
2024-11-14 00:16:05.747 [info] > git log --format=%H%n%aN%n%aE%n%at%n%ct%n%P%n%D%n%B -z --shortstat --diff-merges=first-parent -n50 --skip=0 --topo-order --decorate=full --stdin [7ms]
2024-11-14 00:16:06.339 [info] > git check-ignore -v -z --stdin [1ms]
2024-11-14 00:16:07.275 [info] > git config --get commit.template [9ms]
2024-11-14 00:16:07.276 [info] > git for-each-ref --format=%(refname)%00%(upstream:short)%00%(objectname)%00%(upstream:track)%00%(upstream:remotename)%00%(upstream:remoteref) refs/heads/main refs/remotes/main [2ms]
2024-11-14 00:16:07.286 [info] > git status -z -uall [5ms]
2024-11-14 00:16:07.288 [info] > git for-each-ref --sort -committerdate --format %(refname) %(objectname) %(*objectname) [2ms]
